{"/home/hudson/Documents/trabalho/kenzie/demo/q1-jul-21/calculadora/index.js": {"path":"/home/hudson/Documents/trabalho/kenzie/demo/q1-jul-21/calculadora/index.js","statementMap":{"0":{"start":{"line":1,"column":35},"end":{"line":1,"column":63}},"1":{"start":{"line":5,"column":17},"end":{"line":5,"column":18}},"2":{"start":{"line":6,"column":4},"end":{"line":6,"column":26}},"3":{"start":{"line":8,"column":4},"end":{"line":8,"column":17}},"4":{"start":{"line":11,"column":0},"end":{"line":13,"column":1}}},"fnMap":{"0":{"name":"calculadora","decl":{"start":{"line":3,"column":9},"end":{"line":3,"column":20}},"loc":{"start":{"line":3,"column":36},"end":{"line":9,"column":1}},"line":3}},"branchMap":{},"s":{"0":1,"1":1,"2":1,"3":1,"4":1},"f":{"0":1},"b":{},"_coverageSchema":"1a1c01bbd47fc00a2c39e90264f33305004495a9","hash":"c53545429a00c24864093b6cfdd569407abf0246"}
,"/home/hudson/Documents/trabalho/kenzie/demo/q1-jul-21/calculadora/model/operacoes.js": {"path":"/home/hudson/Documents/trabalho/kenzie/demo/q1-jul-21/calculadora/model/operacoes.js","statementMap":{"0":{"start":{"line":2,"column":0},"end":{"line":4,"column":1}},"1":{"start":{"line":3,"column":4},"end":{"line":3,"column":14}},"2":{"start":{"line":6,"column":0},"end":{"line":8,"column":1}},"3":{"start":{"line":7,"column":4},"end":{"line":7,"column":14}},"4":{"start":{"line":10,"column":0},"end":{"line":12,"column":1}},"5":{"start":{"line":11,"column":4},"end":{"line":11,"column":14}},"6":{"start":{"line":14,"column":0},"end":{"line":18,"column":1}}},"fnMap":{"0":{"name":"(anonymous_0)","decl":{"start":{"line":2,"column":6},"end":{"line":2,"column":7}},"loc":{"start":{"line":2,"column":14},"end":{"line":4,"column":1}},"line":2},"1":{"name":"(anonymous_1)","decl":{"start":{"line":6,"column":11},"end":{"line":6,"column":12}},"loc":{"start":{"line":6,"column":19},"end":{"line":8,"column":1}},"line":6},"2":{"name":"(anonymous_2)","decl":{"start":{"line":10,"column":11},"end":{"line":10,"column":12}},"loc":{"start":{"line":10,"column":19},"end":{"line":12,"column":1}},"line":10}},"branchMap":{},"s":{"0":2,"1":2,"2":2,"3":1,"4":2,"5":1,"6":2},"f":{"0":2,"1":1,"2":1},"b":{},"_coverageSchema":"1a1c01bbd47fc00a2c39e90264f33305004495a9","hash":"35c6c93e16903398dcf0cba0867f778eed46b811"}
}
